
ROM used: 1989 (97%)
          1989 (97%) including unused fragments

          2 Average locations per line
          6 Average locations per statement

RAM used: 32 (14%) at main() level
          48 (21%) worst case

Stack used: 7 worst case (out of 6 total available)

Lines Stmts  %   Files
----- ----- ---  -----
  224   196  64  main.c
   16     0   0  main.h
  206     0   0  ..\..\..\..\..\..\..\Program Files (x86)\PICC\devices\16F628A.h
  242    45  15  flex_lcd.c
  142    67  22  ds1307.c
----- -----
  830   308 Total

Page ROM  %  RAM   Vol Diff  Functions:
---- --- --- ---   --- ----  ----------
0     21   1   1             @delay_ms1
0      8   0   0             @const43
0     41   2   1   326  2.8  lcd_send_nibble
0     39   2   3   235  3.8  lcd_send_byte
0     63   3   2   380  4.7  lcd_init
0     18   1   4   186  5.5  lcd_gotoxy
0     43   2   1   272  4.1  lcd_putc
0     10   1   4    85  2.3  lcd_setcursor_vb
0     51   3   3             @I2C_READ_1
0     52   3   1             @I2C_WRITE_1
0    134   7   2   437  2.4  ds1307_init
0     90   5   8   503  2.7  ds1307_set_date_time
 Inline        6   383  3.1  ds1307_get_date
 Inline        5   315  3.0  ds1307_get_time
0     19   1   3   240  6.0  bin2bcd
0     19   1   3   155  4.7  bcd2bin
0     19   1   0   134  3.8  interrupcio
0   1022  51   2  6684  8.9  MAIN
0     32   2   0             @const110
0     32   2   0             @const111
0     50   3   0             @const113
0     21   1   3             @DIV88
0    101   5   6             @PRINTF_D_56
0     26   1   0             @const120
0     27   1   0             @const121

Program metrics:
    Functions               14
    Statements              308
    Comments                144
    Volume (V)              14461
    Difficilty (D)          58.3
    Effort to implement (E) 843525
    Time to implement (T)   13 hours, 1 minutes
    Est Delivered Bugs (B)  3
    Cyclomatic Complexity   45
    Maintainability (MI)    36

 Segment     Used  Free
-----------  ----  ----
00000-00003     4  0  
00004-00032    47  0  
00033-007FF  1938  59  



