
ROM used: 1990 (97%)
          1990 (97%) including unused fragments

          2 Average locations per line
          7 Average locations per statement

RAM used: 29 (13%) at main() level
          45 (20%) worst case

Stack used: 7 worst case (out of 6 total available)

Lines Stmts  %   Files
----- ----- ---  -----
  202   169  60  main.c
   14     0   0  main.h
  206     0   0  ..\..\..\..\..\Program Files (x86)\PICC\devices\16F628A.h
  242    45  16  flex_lcd.c
  142    67  24  ds1307.c
----- -----
  806   281 Total

Page ROM  %  RAM   Vol Diff  Functions:
---- --- --- ---   --- ----  ----------
0     21   1   1             @delay_ms1
0      8   0   0             @const43
0     41   2   1   326  2.8  lcd_send_nibble
0     39   2   3   235  3.8  lcd_send_byte
0     63   3   2   380  4.7  lcd_init
0     18   1   4   186  5.5  lcd_gotoxy
0     43   2   1   272  4.1  lcd_putc
0     10   1   4    85  2.3  lcd_setcursor_vb
0     51   3   3             @I2C_READ_1
0     52   3   1             @I2C_WRITE_1
0    134   7   2   437  2.4  ds1307_init
0     90   5   8   503  2.7  ds1307_set_date_time
 Inline        6   383  3.1  ds1307_get_date
 Inline        5   315  3.0  ds1307_get_time
0     19   1   3   240  6.0  bin2bcd
0     19   1   3   155  4.7  bcd2bin
0     12   1   0    70  2.3  interrupcio
0   1058  53   2  5887  7.9  MAIN
0     29   1   0             @const107
0     29   1   0             @const108
0     50   3   0             @const110
0     21   1   3             @DIV88
0    101   5   6             @PRINTF_D_56
0     15   1   0             @const117
0     16   1   0             @const118

Program metrics:
    Functions               14
    Statements              281
    Comments                144
    Volume (V)              13446
    Difficilty (D)          55.8
    Effort to implement (E) 750485
    Time to implement (T)   11 hours, 35 minutes
    Est Delivered Bugs (B)  3
    Cyclomatic Complexity   38
    Maintainability (MI)    38

 Segment     Used  Free
-----------  ----  ----
00000-00003     4  0  
00004-00032    47  0  
00033-007FF  1939  58  



